init 0%  (0/3523223040)
init 5%  (176161152/3523223040)
init 10%  (352322304/3523223040)
init 15%  (528483456/3523223040)
init 20%  (704644608/3523223040)
init 25%  (880805760/3523223040)
init 30%  (1056966912/3523223040)
init 35%  (1233128064/3523223040)
init 40%  (1409289216/3523223040)
init 45%  (1585450368/3523223040)
init 50%  (1761611520/3523223040)
init 55%  (1937772672/3523223040)
init 60%  (2113933824/3523223040)
init 65%  (2290094976/3523223040)
init 70%  (2466256128/3523223040)
init 75%  (2642417280/3523223040)
init 80%  (2818578432/3523223040)
init 85%  (2994739584/3523223040)
init 90%  (3170900736/3523223040)
init 95%  (3347061888/3523223040)
init done; propagating (1187184292 terminals seeded)
propagated 10000000; queue 1177184292
propagated 20000000; queue 1167251356
propagated 30000000; queue 1157598448
propagated 40000000; queue 1147631232
propagated 50000000; queue 1137647196
propagated 60000000; queue 1127723890
propagated 70000000; queue 1117816385
propagated 80000000; queue 1107842640
propagated 90000000; queue 1097902329
propagated 100000000; queue 1088028198
propagated 110000000; queue 1078116143
propagated 120000000; queue 1068237206
propagated 130000000; queue 1058428376
propagated 140000000; queue 1048774636
propagated 150000000; queue 1039043995
propagated 160000000; queue 1029150446
propagated 170000000; queue 1019417227
propagated 180000000; queue 1009700420
propagated 190000000; queue 999752523
propagated 200000000; queue 989780791
propagated 210000000; queue 979955357
propagated 220000000; queue 970006058
propagated 230000000; queue 960166912
propagated 240000000; queue 950332115
propagated 250000000; queue 940510066
propagated 260000000; queue 931030580
propagated 270000000; queue 921403290
propagated 280000000; queue 911574799
propagated 290000000; queue 902111053
propagated 300000000; queue 892366634
propagated 310000000; queue 882458252
propagated 320000000; queue 872577561
propagated 330000000; queue 862774324
propagated 340000000; queue 853114151
propagated 350000000; queue 843395640
propagated 360000000; queue 833548111
propagated 370000000; queue 823902820
propagated 380000000; queue 814303332
propagated 390000000; queue 804556374
propagated 400000000; queue 794941515
propagated 410000000; queue 785446480
propagated 420000000; queue 776900100
propagated 430000000; queue 767948965
propagated 440000000; queue 758584837
propagated 450000000; queue 749007504
propagated 460000000; queue 739857230
propagated 470000000; queue 731067530
propagated 480000000; queue 721417842
propagated 490000000; queue 711455217
propagated 500000000; queue 701625629
propagated 510000000; queue 691788021
propagated 520000000; queue 681840290
propagated 530000000; queue 672120144
propagated 540000000; queue 662340490
propagated 550000000; queue 652603624
propagated 560000000; queue 643602645
propagated 570000000; queue 634347953
propagated 580000000; queue 624572998
propagated 590000000; queue 615350166
propagated 600000000; queue 606124467
propagated 610000000; queue 596206142
propagated 620000000; queue 586206142
propagated 630000000; queue 576499047
propagated 640000000; queue 568011517
propagated 650000000; queue 558875058
propagated 660000000; queue 549671572
propagated 670000000; queue 540061199
propagated 680000000; queue 530469772
propagated 690000000; queue 521625872
propagated 700000000; queue 512670126
propagated 710000000; queue 503076858
propagated 720000000; queue 493403956
propagated 730000000; queue 483758697
propagated 740000000; queue 474049802
propagated 750000000; queue 464254412
propagated 760000000; queue 454332974
propagated 770000000; queue 444478479
propagated 780000000; queue 434900363
propagated 790000000; queue 425234301
propagated 800000000; queue 415356595
propagated 810000000; queue 405623019
propagated 820000000; queue 396564603
propagated 830000000; queue 387352404
propagated 840000000; queue 377567541
propagated 850000000; queue 368282596
propagated 860000000; queue 358909392
propagated 870000000; queue 349113694
propagated 880000000; queue 339297429
propagated 890000000; queue 329455730
propagated 900000000; queue 319483146
propagated 910000000; queue 309707901
propagated 920000000; queue 299817968
propagated 930000000; queue 289868740
propagated 940000000; queue 280255847
propagated 950000000; queue 270521624
propagated 960000000; queue 260714774
propagated 970000000; queue 250785997
propagated 980000000; queue 240932210
propagated 990000000; queue 231256728
propagated 1000000000; queue 221464556
propagated 1010000000; queue 211540444
propagated 1020000000; queue 201640106
propagated 1030000000; queue 191719827
propagated 1040000000; queue 181734990
propagated 1050000000; queue 171756137
propagated 1060000000; queue 161897126
propagated 1070000000; queue 151931040
propagated 1080000000; queue 141982272
propagated 1090000000; queue 132478110
propagated 1100000000; queue 122903290
propagated 1110000000; queue 113077696
propagated 1120000000; queue 103460839
propagated 1130000000; queue 93796811
propagated 1140000000; queue 83932160
propagated 1150000000; queue 74068346
propagated 1160000000; queue 64162886
propagated 1170000000; queue 54239830
propagated 1180000000; queue 44381981
propagated 1190000000; queue 44106306
propagated 1200000000; queue 55240251
propagated 1210000000; queue 69380640
propagated 1220000000; queue 79389497
propagated 1230000000; queue 81029748
propagated 1240000000; queue 75254498
propagated 1250000000; queue 70634169
propagated 1260000000; queue 66672459
propagated 1270000000; queue 62101518
propagated 1280000000; queue 57658943
propagated 1290000000; queue 52958600
propagated 1300000000; queue 47927406
propagated 1310000000; queue 45687514
propagated 1320000000; queue 54573368
propagated 1330000000; queue 58286072
propagated 1340000000; queue 65731293
propagated 1350000000; queue 72663911
propagated 1360000000; queue 69838543
propagated 1370000000; queue 64688362
propagated 1380000000; queue 62044619
propagated 1390000000; queue 57226554
propagated 1400000000; queue 52216745
propagated 1410000000; queue 48980096
propagated 1420000000; queue 43917973
propagated 1430000000; queue 46157672
propagated 1440000000; queue 50148709
propagated 1450000000; queue 57729516
propagated 1460000000; queue 60310518
propagated 1470000000; queue 63121669
propagated 1480000000; queue 58552068
propagated 1490000000; queue 54668601
propagated 1500000000; queue 49918988
propagated 1510000000; queue 45047774
propagated 1520000000; queue 41022829
propagated 1530000000; queue 36420721
propagated 1540000000; queue 41398824
propagated 1550000000; queue 43726913
propagated 1560000000; queue 47995633
propagated 1570000000; queue 50101117
propagated 1580000000; queue 46148224
propagated 1590000000; queue 43330711
propagated 1600000000; queue 39075478
propagated 1610000000; queue 36182015
propagated 1620000000; queue 33989643
propagated 1630000000; queue 36655435
propagated 1640000000; queue 39729185
propagated 1650000000; queue 41099532
propagated 1660000000; queue 38002936
propagated 1670000000; queue 35962319
propagated 1680000000; queue 32159603
propagated 1690000000; queue 29498483
propagated 1700000000; queue 31092657
propagated 1710000000; queue 32176444
propagated 1720000000; queue 33863468
propagated 1730000000; queue 31161497
propagated 1740000000; queue 28846658
propagated 1750000000; queue 26202774
propagated 1760000000; queue 25884804
propagated 1770000000; queue 26654724
propagated 1780000000; queue 27726530
propagated 1790000000; queue 24966001
propagated 1800000000; queue 21934535
propagated 1810000000; queue 20431752
propagated 1820000000; queue 21684174
propagated 1830000000; queue 21845210
propagated 1840000000; queue 18884512
propagated 1850000000; queue 15847315
propagated 1860000000; queue 16907291
propagated 1870000000; queue 16279269
propagated 1880000000; queue 13232110
propagated 1890000000; queue 12515631
propagated 1900000000; queue 11803367
propagated 1910000000; queue 8973139
propagated 1920000000; queue 8942872
propagated 1930000000; queue 6427067
propagated 1940000000; queue 4694478
propagated 1950000000; queue 3406690
propagated 1960000000; queue 2213597
propagated 1970000000; queue 1195679
propagated 1980000000; queue 761511
propagated 1990000000; queue 420909
propagated 2000000000; queue 110731
propagation done (2002342328 processed)
EXIT=0
